2025-11-28 16:52:08,120 server INFO Запущен обработчик запросов
2025-11-28 16:52:08,120 server INFO Сервер запущен успешно
2025-11-28 16:52:11,505 server INFO Клиент Алиса: получен запрос - текст: 'FoBNYxaP', сдвиг: 11
2025-11-28 16:52:11,506 server INFO Клиент Алиса: начало шифрования
2025-11-28 16:52:15,195 server INFO Клиент Алиса: шифрование завершено, результат: 'QzMYJilA'
2025-11-28 16:52:19,693 server INFO Клиент Иван: получен запрос - текст: 'encryption demo', сдвиг: 8
2025-11-28 16:52:19,693 server INFO Клиент Иван: начало шифрования
2025-11-28 16:52:24,355 server INFO Клиент Иван: шифрование завершено, результат: 'mvkzgxbqwv lmuw'
2025-11-28 16:52:30,058 server INFO Получен сигнал остановки обработчика
2025-11-28 16:52:30,059 server INFO Сервер остановлен успешно
2025-11-28 16:52:41,184 server INFO Запущен обработчик запросов
2025-11-28 16:52:41,184 server INFO Сервер запущен успешно
2025-11-28 16:52:44,456 server INFO Клиент Алиса: получен запрос - текст: 'oWvKKNqGXAi', сдвиг: 7
2025-11-28 16:52:44,457 server INFO Клиент Алиса: начало шифрования
2025-11-28 16:52:48,423 server INFO Клиент Алиса: шифрование завершено, результат: 'vDcRRUxNEHp'
2025-11-28 16:52:53,158 server INFO Клиент Иван: получен запрос - текст: 'information', сдвиг: 9
2025-11-28 16:52:53,158 server INFO Клиент Иван: начало шифрования
2025-11-28 16:52:57,887 server INFO Клиент Иван: шифрование завершено, результат: 'rwoxavjcrxw'
2025-11-28 16:53:01,675 server INFO Получен сигнал остановки обработчика
2025-11-28 16:53:01,676 server INFO Сервер остановлен успешно
